Missing modules for handwritten text generation.
Let's use 1 GPUs!

Number of epochs: 2500
Detected Device: cuda
Let's use 1 GPUs!

{0: 'PAD', 1: 'TSOS', 2: 'TEOS', 1024: 'IPAD', 1025: 'ISOS', 1026: 'IEOS', 3: ' ', 4: '!', 5: '"', 6: '#', 7: '$', 8: '%', 9: '&', 10: "'", 11: '(', 12: ')', 13: '*', 14: '+', 15: ',', 16: '-', 17: '.', 18: '/', 19: '0', 20: '1', 21: '2', 22: '3', 23: '4', 24: '5', 25: '6', 26: '7', 27: '8', 28: '9', 29: ':', 30: ';', 31: '<', 32: '=', 33: '>', 34: '?', 35: '@', 36: 'A', 37: 'B', 38: 'C', 39: 'D', 40: 'E', 41: 'F', 42: 'G', 43: 'H', 44: 'I', 45: 'J', 46: 'K', 47: 'L', 48: 'M', 49: 'N', 50: 'O', 51: 'P', 52: 'Q', 53: 'R', 54: 'S', 55: 'T', 56: 'U', 57: 'V', 58: 'W', 59: 'X', 60: 'Y', 61: 'Z', 62: '[', 63: '\\', 64: ']', 65: '^', 66: '`', 67: 'a', 68: 'b', 69: 'c', 70: 'd', 71: 'e', 72: 'f', 73: 'g', 74: 'h', 75: 'i', 76: 'j', 77: 'k', 78: 'l', 79: 'm', 80: 'n', 81: 'o', 82: 'p', 83: 'q', 84: 'r', 85: 's', 86: 't', 87: 'u', 88: 'v', 89: 'w', 90: 'x', 91: 'y', 92: 'z', 93: '~', 94: 'ँ', 95: 'ं', 96: 'ः', 97: 'ऄ', 98: 'अ', 99: 'आ', 100: 'इ', 101: 'ई', 102: 'उ', 103: 'ऊ', 104: 'ऋ', 105: 'ऌ', 106: 'ऍ', 107: 'ऎ', 108: 'ए', 109: 'ऐ', 110: 'ऑ', 111: 'ऒ', 112: 'ओ', 113: 'औ', 114: 'क', 115: 'ख', 116: 'ग', 117: 'घ', 118: 'ङ', 119: 'च', 120: 'छ', 121: 'ज', 122: 'झ', 123: 'ञ', 124: 'ट', 125: 'ठ', 126: 'ड', 127: 'ढ', 128: 'ण', 129: 'त', 130: 'थ', 131: 'द', 132: 'ध', 133: 'न', 134: 'ऩ', 135: 'प', 136: 'फ', 137: 'ब', 138: 'भ', 139: 'म', 140: 'य', 141: 'र', 142: 'ऱ', 143: 'ल', 144: 'ळ', 145: 'ऴ', 146: 'व', 147: 'श', 148: 'ष', 149: 'स', 150: 'ह', 151: '़', 152: 'ऽ', 153: 'ा', 154: 'ि', 155: 'ी', 156: 'ु', 157: 'ू', 158: 'ृ', 159: 'ॄ', 160: 'ॅ', 161: 'ॆ', 162: 'े', 163: 'ै', 164: 'ॉ', 165: 'ॊ', 166: 'ो', 167: 'ौ', 168: '्', 169: 'ॐ', 170: '॑', 171: '॒', 172: '॓', 173: '॔', 174: 'क़', 175: 'ख़', 176: 'ग़', 177: 'ज़', 178: 'ड़', 179: 'ढ़', 180: 'फ़', 181: 'य़', 182: 'ॠ', 183: 'ॡ', 184: 'ॢ', 185: '।', 186: '॥', 187: '०', 188: '१', 189: '२', 190: '३', 191: '४', 192: '५', 193: '६', 194: '७', 195: '८', 196: '९', 197: '॰', 198: 'ॱ', 199: 'ॲ', 200: 'ॻ', 201: 'ॼ', 202: 'ॽ', 203: 'ॾ', 204: 'ॿ'}
{'PAD': 0, 'TSOS': 1, 'TEOS': 2, 'IPAD': 1024, 'ISOS': 1025, 'IEOS': 1026, ' ': 3, '!': 4, '"': 5, '#': 6, '$': 7, '%': 8, '&': 9, "'": 10, '(': 11, ')': 12, '*': 13, '+': 14, ',': 15, '-': 16, '.': 17, '/': 18, '0': 19, '1': 20, '2': 21, '3': 22, '4': 23, '5': 24, '6': 25, '7': 26, '8': 27, '9': 28, ':': 29, ';': 30, '<': 31, '=': 32, '>': 33, '?': 34, '@': 35, 'A': 36, 'B': 37, 'C': 38, 'D': 39, 'E': 40, 'F': 41, 'G': 42, 'H': 43, 'I': 44, 'J': 45, 'K': 46, 'L': 47, 'M': 48, 'N': 49, 'O': 50, 'P': 51, 'Q': 52, 'R': 53, 'S': 54, 'T': 55, 'U': 56, 'V': 57, 'W': 58, 'X': 59, 'Y': 60, 'Z': 61, '[': 62, '\\': 63, ']': 64, '^': 65, '`': 66, 'a': 67, 'b': 68, 'c': 69, 'd': 70, 'e': 71, 'f': 72, 'g': 73, 'h': 74, 'i': 75, 'j': 76, 'k': 77, 'l': 78, 'm': 79, 'n': 80, 'o': 81, 'p': 82, 'q': 83, 'r': 84, 's': 85, 't': 86, 'u': 87, 'v': 88, 'w': 89, 'x': 90, 'y': 91, 'z': 92, '~': 93, 'ँ': 94, 'ं': 95, 'ः': 96, 'ऄ': 97, 'अ': 98, 'आ': 99, 'इ': 100, 'ई': 101, 'उ': 102, 'ऊ': 103, 'ऋ': 104, 'ऌ': 105, 'ऍ': 106, 'ऎ': 107, 'ए': 108, 'ऐ': 109, 'ऑ': 110, 'ऒ': 111, 'ओ': 112, 'औ': 113, 'क': 114, 'ख': 115, 'ग': 116, 'घ': 117, 'ङ': 118, 'च': 119, 'छ': 120, 'ज': 121, 'झ': 122, 'ञ': 123, 'ट': 124, 'ठ': 125, 'ड': 126, 'ढ': 127, 'ण': 128, 'त': 129, 'थ': 130, 'द': 131, 'ध': 132, 'न': 133, 'ऩ': 134, 'प': 135, 'फ': 136, 'ब': 137, 'भ': 138, 'म': 139, 'य': 140, 'र': 141, 'ऱ': 142, 'ल': 143, 'ळ': 144, 'ऴ': 145, 'व': 146, 'श': 147, 'ष': 148, 'स': 149, 'ह': 150, '़': 151, 'ऽ': 152, 'ा': 153, 'ि': 154, 'ी': 155, 'ु': 156, 'ू': 157, 'ृ': 158, 'ॄ': 159, 'ॅ': 160, 'ॆ': 161, 'े': 162, 'ै': 163, 'ॉ': 164, 'ॊ': 165, 'ो': 166, 'ौ': 167, '्': 168, 'ॐ': 169, '॑': 170, '॒': 171, '॓': 172, '॔': 173, 'क़': 174, 'ख़': 175, 'ग़': 176, 'ज़': 177, 'ड़': 178, 'ढ़': 179, 'फ़': 180, 'य़': 181, 'ॠ': 182, 'ॡ': 183, 'ॢ': 184, '।': 185, '॥': 186, '०': 187, '१': 188, '२': 189, '३': 190, '४': 191, '५': 192, '६': 193, '७': 194, '८': 195, '९': 196, '॰': 197, 'ॱ': 198, 'ॲ': 199, 'ॻ': 200, 'ॼ': 201, 'ॽ': 202, 'ॾ': 203, 'ॿ': 204}
208
208
[0, 1, 2, 1024]
205
205
*****************************Font Model *************************************
*****************************Font Model *************************************
dataset_iam_lines/handwriting/dataset_v2/train.csv
Style transfer status: True
Custom train/val/test split
Style Dataset
Train Size: 107663
Val Size: 2377
Test Size: 2713
Batch 16
Model Checkpoint Path: out/handwriting/train/model
Model Checkpoint Path: out/handwriting/train/best_model
Neptune is not being used
Random Masking: False
Distillation: False
Aux CTC: True
Linear Embedding: Linear(in_features=512, out_features=1027, bias=True)
Number of parameters in image encoder: 4310528
Number of parameters in text decoder: 18507271
Txt2Img With Style
Train Batch Size: 16
Val Batch Size: 16
Clip CTC Loss: False
Let's use 1 GPUs!

GPU id: cuda
Handwriting task
*****************************************************************
*****************************************************************
****************************************************
****************************************************
*****************************************************************
*****************************************************************

Training..............
Epoch: 1 
Mixed precision: False
